# Log file of Pencil Code commands.
# This compiles with the same parameters as last time in this directory:
# pc_build -p

# 2025-11-10 13:10:46
/home/vboxuser/pencil-code/bin/pc_build 
# make '-j' 'FFLAGS_DOUBLE=-fdefault-real-8 -fdefault-double-8' 'CFLAGS_DOUBLE=-DDOUBLE_PRECISION' 'LD_MPI=' 'CFLAGS_FFTW3=' 'FFLAGS_FFTW3=' 'LD_FFTW3=' 'CFLAGS_FFTW2=' 'FFLAGS_FFTW2=' 'LD_FFTW2=' 'FC=gfortran' 'F77=$(FC)' 'FFLAGS=-O -fno-underscoring' 'LDFLAGS_HELPER=-dynamic' 'OMPFFLAGS=-fopenmp' 'OMPLFLAGS=-lgomp' 'PPFLAGS=-cpp' 'FSTD_95=-std=f95' 'FSTD_2003=-std=f2003' 'MODULE_PREFIX=__' 'MODULE_INFIX=_MOD_' 'MODULE_SUFFIX=' 'CC=gcc' 'CFLAGS=-DFUNDERSC=0' 'default_to_be'

# 2026-03-13 08:53:02
/home/vboxuser/pencil-code/bin/pc_build --cleanall

# 2026-03-13 08:58:00
/home/vboxuser/pencil-code/bin/pc_build 
# make '-j' 'FFLAGS_DOUBLE=-fdefault-real-8 -fdefault-double-8' 'CFLAGS_DOUBLE=-DDOUBLE_PRECISION' 'LD_MPI=' 'CFLAGS_FFTW3=' 'FFLAGS_FFTW3=' 'LD_FFTW3=' 'CFLAGS_FFTW2=' 'FFLAGS_FFTW2=' 'LD_FFTW2=' 'FC=gfortran' 'F77=$(FC)' 'FFLAGS=-O -fno-underscoring' 'LDFLAGS_HELPER=-dynamic' 'OMPFFLAGS=-fopenmp' 'OMPLFLAGS=-lgomp' 'PPFLAGS=-cpp' 'FSTD_95=-std=f95' 'FSTD_2003=-std=f2003' 'MODULE_PREFIX=__' 'MODULE_INFIX=_MOD_' 'MODULE_SUFFIX=' 'CC=gcc' 'CFLAGS=-DFUNDERSC=0' 'default_to_be'

# 2026-03-13 08:59:03
/home/vboxuser/pencil-code/bin/pc_build 
# make '-j' 'FFLAGS_DOUBLE=-fdefault-real-8 -fdefault-double-8' 'CFLAGS_DOUBLE=-DDOUBLE_PRECISION' 'LD_MPI=' 'CFLAGS_FFTW3=' 'FFLAGS_FFTW3=' 'LD_FFTW3=' 'CFLAGS_FFTW2=' 'FFLAGS_FFTW2=' 'LD_FFTW2=' 'FC=gfortran' 'F77=$(FC)' 'FFLAGS=-O -fno-underscoring' 'LDFLAGS_HELPER=-dynamic' 'OMPFFLAGS=-fopenmp' 'OMPLFLAGS=-lgomp' 'PPFLAGS=-cpp' 'FSTD_95=-std=f95' 'FSTD_2003=-std=f2003' 'MODULE_PREFIX=__' 'MODULE_INFIX=_MOD_' 'MODULE_SUFFIX=' 'CC=gcc' 'CFLAGS=-DFUNDERSC=0' 'default_to_be'

# 2026-03-13 09:01:18
./src/start.x

# 2026-03-13 09:02:14
./src/run.x

# 2026-03-13 09:08:47
./src/start.x

# 2026-03-13 09:08:52
./src/run.x

# 2026-03-13 09:10:01
./src/start.x

# 2026-03-13 09:10:03
./src/run.x

# 2026-03-13 09:16:21
./src/start.x

# 2026-03-13 09:16:30
/home/vboxuser/pencil-code/bin/pc_build --cleanall

# 2026-03-13 09:16:33
/home/vboxuser/pencil-code/bin/pc_build 
# make '-j' 'FFLAGS_DOUBLE=-fdefault-real-8 -fdefault-double-8' 'CFLAGS_DOUBLE=-DDOUBLE_PRECISION' 'LD_MPI=' 'CFLAGS_FFTW3=' 'FFLAGS_FFTW3=' 'LD_FFTW3=' 'CFLAGS_FFTW2=' 'FFLAGS_FFTW2=' 'LD_FFTW2=' 'FC=gfortran' 'F77=$(FC)' 'FFLAGS=-O -fno-underscoring' 'LDFLAGS_HELPER=-dynamic' 'OMPFFLAGS=-fopenmp' 'OMPLFLAGS=-lgomp' 'PPFLAGS=-cpp' 'FSTD_95=-std=f95' 'FSTD_2003=-std=f2003' 'MODULE_PREFIX=__' 'MODULE_INFIX=_MOD_' 'MODULE_SUFFIX=' 'CC=gcc' 'CFLAGS=-DFUNDERSC=0' 'default_to_be'

# 2026-03-13 09:17:02
./src/start.x

# 2026-03-13 09:28:51
/home/vboxuser/pencil-code/bin/pc_build --cleanall

# 2026-03-13 09:29:00
/home/vboxuser/pencil-code/bin/pc_build 
# make '-j' 'FFLAGS_DOUBLE=-fdefault-real-8 -fdefault-double-8' 'CFLAGS_DOUBLE=-DDOUBLE_PRECISION' 'LD_MPI=' 'CFLAGS_FFTW3=' 'FFLAGS_FFTW3=' 'LD_FFTW3=' 'CFLAGS_FFTW2=' 'FFLAGS_FFTW2=' 'LD_FFTW2=' 'FC=gfortran' 'F77=$(FC)' 'FFLAGS=-O -fno-underscoring' 'LDFLAGS_HELPER=-dynamic' 'OMPFFLAGS=-fopenmp' 'OMPLFLAGS=-lgomp' 'PPFLAGS=-cpp' 'FSTD_95=-std=f95' 'FSTD_2003=-std=f2003' 'MODULE_PREFIX=__' 'MODULE_INFIX=_MOD_' 'MODULE_SUFFIX=' 'CC=gcc' 'CFLAGS=-DFUNDERSC=0' 'default_to_be'

# 2026-03-13 09:29:31
./src/start.x

# 2026-03-13 09:29:52
./src/run.x

# 2026-03-13 09:31:22
./src/start.x

# 2026-03-13 09:31:25
./src/run.x

# 2026-03-13 09:34:11
./src/start.x

# 2026-03-13 09:34:14
./src/run.x

# 2026-03-25 08:58:10
/home/vboxuser/pencil-code/bin/pc_build --cleanall

# 2026-03-25 08:58:17
/home/vboxuser/pencil-code/bin/pc_build 
# make '-j' 'FFLAGS_DOUBLE=-fdefault-real-8 -fdefault-double-8' 'CFLAGS_DOUBLE=-DDOUBLE_PRECISION' 'LD_MPI=' 'CFLAGS_FFTW3=' 'FFLAGS_FFTW3=' 'LD_FFTW3=' 'CFLAGS_FFTW2=' 'FFLAGS_FFTW2=' 'LD_FFTW2=' 'FC=gfortran' 'F77=$(FC)' 'FFLAGS=-O -fno-underscoring' 'LDFLAGS_HELPER=-dynamic' 'OMPFFLAGS=-fopenmp' 'OMPLFLAGS=-lgomp' 'PPFLAGS=-cpp' 'FSTD_95=-std=f95' 'FSTD_2003=-std=f2003' 'MODULE_PREFIX=__' 'MODULE_INFIX=_MOD_' 'MODULE_SUFFIX=' 'CC=gcc' 'CFLAGS=-DFUNDERSC=0' 'default_to_be'

# 2026-03-25 09:00:34
./src/start.x

# 2026-03-25 09:00:39
./src/run.x

# 2026-03-25 09:07:41
./src/start.x

# 2026-03-25 09:07:44
./src/run.x

# 2026-03-25 09:11:05
./src/start.x

# 2026-03-25 09:11:07
./src/run.x
