# Log file of Pencil Code commands.
# This compiles with the same parameters as last time in this directory:
# pc_build -p

# 2026-05-13 14:10:57
/home/vboxuser/pencil-code/bin/pc_build 
# make '-j' 'FFLAGS_DOUBLE=-fdefault-real-8 -fdefault-double-8' 'CFLAGS_DOUBLE=-DDOUBLE_PRECISION' 'LD_MPI=' 'CFLAGS_FFTW3=' 'FFLAGS_FFTW3=' 'LD_FFTW3=' 'CFLAGS_FFTW2=' 'FFLAGS_FFTW2=' 'LD_FFTW2=' 'FC=gfortran' 'F77=$(FC)' 'FFLAGS=-O' 'LDFLAGS_HELPER=-dynamic' 'OMPFFLAGS=-fopenmp' 'OMPLFLAGS=-lgomp' 'PPFLAGS=-cpp' 'FSTD_95=-std=f95' 'FSTD_2003=-std=f2003' 'MODULE_PREFIX=__' 'MODULE_INFIX=_MOD_' 'MODULE_SUFFIX=' 'CC=gcc' 'CSTD=-std=c99' 'CFLAGS=-DFUNDERSC=1' 'default_to_be'

# 2026-05-13 14:26:24
./src/start.x

# 2026-05-13 16:28:34
/home/vboxuser/pencil-code/bin/pc_build --cleanall

# 2026-05-13 16:28:38
/home/vboxuser/pencil-code/bin/pc_build 
# make '-j' 'FFLAGS_DOUBLE=-fdefault-real-8 -fdefault-double-8' 'CFLAGS_DOUBLE=-DDOUBLE_PRECISION' 'LD_MPI=' 'CFLAGS_FFTW3=' 'FFLAGS_FFTW3=' 'LD_FFTW3=' 'CFLAGS_FFTW2=' 'FFLAGS_FFTW2=' 'LD_FFTW2=' 'FC=gfortran' 'F77=$(FC)' 'FFLAGS=-O' 'LDFLAGS_HELPER=-dynamic' 'OMPFFLAGS=-fopenmp' 'OMPLFLAGS=-lgomp' 'PPFLAGS=-cpp' 'FSTD_95=-std=f95' 'FSTD_2003=-std=f2003' 'MODULE_PREFIX=__' 'MODULE_INFIX=_MOD_' 'MODULE_SUFFIX=' 'CC=gcc' 'CSTD=-std=c99' 'CFLAGS=-DFUNDERSC=1' 'default_to_be'

# 2026-05-13 16:29:35
./src/start.x

# 2026-05-13 16:29:44
./src/run.x

# 2026-05-13 17:25:51
./src/start.x

# 2026-05-13 17:25:54
./src/run.x

# 2026-05-13 17:26:34
./src/start.x

# 2026-05-13 17:26:48
/home/vboxuser/pencil-code/bin/pc_build --cleanall

# 2026-05-13 17:26:54
/home/vboxuser/pencil-code/bin/pc_build 
# make '-j' 'FFLAGS_DOUBLE=-fdefault-real-8 -fdefault-double-8' 'CFLAGS_DOUBLE=-DDOUBLE_PRECISION' 'LD_MPI=' 'CFLAGS_FFTW3=' 'FFLAGS_FFTW3=' 'LD_FFTW3=' 'CFLAGS_FFTW2=' 'FFLAGS_FFTW2=' 'LD_FFTW2=' 'FC=gfortran' 'F77=$(FC)' 'FFLAGS=-O' 'LDFLAGS_HELPER=-dynamic' 'OMPFFLAGS=-fopenmp' 'OMPLFLAGS=-lgomp' 'PPFLAGS=-cpp' 'FSTD_95=-std=f95' 'FSTD_2003=-std=f2003' 'MODULE_PREFIX=__' 'MODULE_INFIX=_MOD_' 'MODULE_SUFFIX=' 'CC=gcc' 'CSTD=-std=c99' 'CFLAGS=-DFUNDERSC=1' 'default_to_be'

# 2026-05-13 17:55:30
./src/start.x

# 2026-05-13 17:55:32
./src/run.x

# 2026-05-13 18:05:03
/home/vboxuser/pencil-code/bin/pc_build --cleanall

# 2026-05-13 18:05:23
/home/vboxuser/pencil-code/bin/pc_build 
# make '-j' 'FFLAGS_DOUBLE=-fdefault-real-8 -fdefault-double-8' 'CFLAGS_DOUBLE=-DDOUBLE_PRECISION' 'LD_MPI=' 'CFLAGS_FFTW3=' 'FFLAGS_FFTW3=' 'LD_FFTW3=' 'CFLAGS_FFTW2=' 'FFLAGS_FFTW2=' 'LD_FFTW2=' 'FC=gfortran' 'F77=$(FC)' 'FFLAGS=-O' 'LDFLAGS_HELPER=-dynamic' 'OMPFFLAGS=-fopenmp' 'OMPLFLAGS=-lgomp' 'PPFLAGS=-cpp' 'FSTD_95=-std=f95' 'FSTD_2003=-std=f2003' 'MODULE_PREFIX=__' 'MODULE_INFIX=_MOD_' 'MODULE_SUFFIX=' 'CC=gcc' 'CSTD=-std=c99' 'CFLAGS=-DFUNDERSC=1' 'default_to_be'

# 2026-05-13 18:10:09
./src/start.x

# 2026-05-13 18:10:11
./src/run.x

# 2026-05-13 18:17:04
/home/vboxuser/pencil-code/bin/pc_build --cleanall

# 2026-05-13 18:17:09
/home/vboxuser/pencil-code/bin/pc_build 
# make '-j' 'FFLAGS_DOUBLE=-fdefault-real-8 -fdefault-double-8' 'CFLAGS_DOUBLE=-DDOUBLE_PRECISION' 'LD_MPI=' 'CFLAGS_FFTW3=' 'FFLAGS_FFTW3=' 'LD_FFTW3=' 'CFLAGS_FFTW2=' 'FFLAGS_FFTW2=' 'LD_FFTW2=' 'FC=gfortran' 'F77=$(FC)' 'FFLAGS=-O' 'LDFLAGS_HELPER=-dynamic' 'OMPFFLAGS=-fopenmp' 'OMPLFLAGS=-lgomp' 'PPFLAGS=-cpp' 'FSTD_95=-std=f95' 'FSTD_2003=-std=f2003' 'MODULE_PREFIX=__' 'MODULE_INFIX=_MOD_' 'MODULE_SUFFIX=' 'CC=gcc' 'CSTD=-std=c99' 'CFLAGS=-DFUNDERSC=1' 'default_to_be'

# 2026-05-13 18:18:27
/home/vboxuser/pencil-code/bin/pc_build 
# make '-j' 'FFLAGS_DOUBLE=-fdefault-real-8 -fdefault-double-8' 'CFLAGS_DOUBLE=-DDOUBLE_PRECISION' 'LD_MPI=' 'CFLAGS_FFTW3=' 'FFLAGS_FFTW3=' 'LD_FFTW3=' 'CFLAGS_FFTW2=' 'FFLAGS_FFTW2=' 'LD_FFTW2=' 'FC=gfortran' 'F77=$(FC)' 'FFLAGS=-O' 'LDFLAGS_HELPER=-dynamic' 'OMPFFLAGS=-fopenmp' 'OMPLFLAGS=-lgomp' 'PPFLAGS=-cpp' 'FSTD_95=-std=f95' 'FSTD_2003=-std=f2003' 'MODULE_PREFIX=__' 'MODULE_INFIX=_MOD_' 'MODULE_SUFFIX=' 'CC=gcc' 'CSTD=-std=c99' 'CFLAGS=-DFUNDERSC=1' 'default_to_be'

# 2026-05-13 18:18:30
./src/start.x

# 2026-05-13 18:18:32
./src/run.x

# 2026-05-13 18:38:13
/home/vboxuser/pencil-code/bin/pc_build --cleanall

# 2026-05-13 18:38:18
/home/vboxuser/pencil-code/bin/pc_build 
# make '-j' 'FFLAGS_DOUBLE=-fdefault-real-8 -fdefault-double-8' 'CFLAGS_DOUBLE=-DDOUBLE_PRECISION' 'LD_MPI=' 'CFLAGS_FFTW3=' 'FFLAGS_FFTW3=' 'LD_FFTW3=' 'CFLAGS_FFTW2=' 'FFLAGS_FFTW2=' 'LD_FFTW2=' 'FC=gfortran' 'F77=$(FC)' 'FFLAGS=-O' 'LDFLAGS_HELPER=-dynamic' 'OMPFFLAGS=-fopenmp' 'OMPLFLAGS=-lgomp' 'PPFLAGS=-cpp' 'FSTD_95=-std=f95' 'FSTD_2003=-std=f2003' 'MODULE_PREFIX=__' 'MODULE_INFIX=_MOD_' 'MODULE_SUFFIX=' 'CC=gcc' 'CSTD=-std=c99' 'CFLAGS=-DFUNDERSC=1' 'default_to_be'

# 2026-05-13 18:39:27
./src/start.x

# 2026-05-13 18:39:29
./src/run.x

# 2026-05-13 18:41:08
./src/start.x

# 2026-05-13 18:41:13
./src/run.x

# 2026-05-13 18:56:10
./src/start.x

# 2026-05-13 18:56:13
./src/run.x

# 2026-05-18 08:32:05
/home/vboxuser/pencil-code/bin/pc_build --cleanall

# 2026-05-18 08:32:09
/home/vboxuser/pencil-code/bin/pc_build 
# make '-j' 'FFLAGS_DOUBLE=-fdefault-real-8 -fdefault-double-8' 'CFLAGS_DOUBLE=-DDOUBLE_PRECISION' 'LD_MPI=' 'CFLAGS_FFTW3=' 'FFLAGS_FFTW3=' 'LD_FFTW3=' 'CFLAGS_FFTW2=' 'FFLAGS_FFTW2=' 'LD_FFTW2=' 'FC=gfortran' 'F77=$(FC)' 'FFLAGS=-O' 'LDFLAGS_HELPER=-dynamic' 'FFLAG_HEAP_ALLOC=-fmax-stack-var-size=512000 -fno-stack-arrays' 'OMPFFLAGS=-fopenmp' 'OMPLFLAGS=-lgomp' 'PPFLAGS=-cpp' 'FSTD_95=-std=f95' 'FSTD_2003=-std=f2003' 'FSTD_2008=-std=f2008' 'FSTD_2018=-std=f2018' 'MODULE_PREFIX=__' 'MODULE_INFIX=_MOD_' 'MODULE_SUFFIX=' 'CC=gcc' 'CSTD=-std=c99' 'CFLAGS=-DFUNDERSC=1' 'default_to_be'

# 2026-05-18 08:35:25
/home/vboxuser/pencil-code/bin/pc_build --cleanall

# 2026-05-18 08:35:30
/home/vboxuser/pencil-code/bin/pc_build 
# make '-j' 'FFLAGS_DOUBLE=-fdefault-real-8 -fdefault-double-8' 'CFLAGS_DOUBLE=-DDOUBLE_PRECISION' 'LD_MPI=' 'CFLAGS_FFTW3=' 'FFLAGS_FFTW3=' 'LD_FFTW3=' 'CFLAGS_FFTW2=' 'FFLAGS_FFTW2=' 'LD_FFTW2=' 'FC=gfortran' 'F77=$(FC)' 'FFLAGS=-O' 'LDFLAGS_HELPER=-dynamic' 'FFLAG_HEAP_ALLOC=-fmax-stack-var-size=512000 -fno-stack-arrays' 'OMPFFLAGS=-fopenmp' 'OMPLFLAGS=-lgomp' 'PPFLAGS=-cpp' 'FSTD_95=-std=f95' 'FSTD_2003=-std=f2003' 'FSTD_2008=-std=f2008' 'FSTD_2018=-std=f2018' 'MODULE_PREFIX=__' 'MODULE_INFIX=_MOD_' 'MODULE_SUFFIX=' 'CC=gcc' 'CSTD=-std=c99' 'CFLAGS=-DFUNDERSC=1' 'default_to_be'

# 2026-05-18 08:36:14
./src/start.x

# 2026-05-18 08:36:59
./src/start.x

# 2026-05-18 08:37:01
./src/run.x

# 2026-05-18 08:38:05
./src/start.x

# 2026-05-18 08:38:07
./src/run.x

# 2026-05-18 08:38:54
./src/start.x

# 2026-05-18 08:39:03
./src/run.x

# 2026-05-18 08:46:41
/home/vboxuser/pencil-code/bin/pc_build --cleanall

# 2026-05-18 08:46:46
/home/vboxuser/pencil-code/bin/pc_build 
# make '-j' 'FFLAGS_DOUBLE=-fdefault-real-8 -fdefault-double-8' 'CFLAGS_DOUBLE=-DDOUBLE_PRECISION' 'LD_MPI=' 'CFLAGS_FFTW3=' 'FFLAGS_FFTW3=' 'LD_FFTW3=' 'CFLAGS_FFTW2=' 'FFLAGS_FFTW2=' 'LD_FFTW2=' 'FC=gfortran' 'F77=$(FC)' 'FFLAGS=-O' 'LDFLAGS_HELPER=-dynamic' 'FFLAG_HEAP_ALLOC=-fmax-stack-var-size=512000 -fno-stack-arrays' 'OMPFFLAGS=-fopenmp' 'OMPLFLAGS=-lgomp' 'PPFLAGS=-cpp' 'FSTD_95=-std=f95' 'FSTD_2003=-std=f2003' 'FSTD_2008=-std=f2008' 'FSTD_2018=-std=f2018' 'MODULE_PREFIX=__' 'MODULE_INFIX=_MOD_' 'MODULE_SUFFIX=' 'CC=gcc' 'CSTD=-std=c99' 'CFLAGS=-DFUNDERSC=1' 'default_to_be'

# 2026-05-18 08:47:25
./src/start.x

# 2026-05-18 08:47:31
./src/run.x

# 2026-05-18 08:53:37
./src/start.x

# 2026-05-18 08:53:41
./src/run.x

# 2026-05-18 09:02:51
/home/vboxuser/pencil-code/bin/pc_build --cleanall

# 2026-05-18 09:02:55
/home/vboxuser/pencil-code/bin/pc_build 
# make '-j' 'FFLAGS_DOUBLE=-fdefault-real-8 -fdefault-double-8' 'CFLAGS_DOUBLE=-DDOUBLE_PRECISION' 'LD_MPI=' 'CFLAGS_FFTW3=' 'FFLAGS_FFTW3=' 'LD_FFTW3=' 'CFLAGS_FFTW2=' 'FFLAGS_FFTW2=' 'LD_FFTW2=' 'FC=gfortran' 'F77=$(FC)' 'FFLAGS=-O' 'LDFLAGS_HELPER=-dynamic' 'FFLAG_HEAP_ALLOC=-fmax-stack-var-size=512000 -fno-stack-arrays' 'OMPFFLAGS=-fopenmp' 'OMPLFLAGS=-lgomp' 'PPFLAGS=-cpp' 'FSTD_95=-std=f95' 'FSTD_2003=-std=f2003' 'FSTD_2008=-std=f2008' 'FSTD_2018=-std=f2018' 'MODULE_PREFIX=__' 'MODULE_INFIX=_MOD_' 'MODULE_SUFFIX=' 'CC=gcc' 'CSTD=-std=c99' 'CFLAGS=-DFUNDERSC=1' 'default_to_be'

# 2026-05-18 09:03:44
./src/start.x

# 2026-05-18 09:04:02
./src/run.x

# 2026-05-18 09:19:41
./src/start.x

# 2026-05-18 09:19:54
./src/run.x

# 2026-05-18 09:20:57
./src/start.x

# 2026-05-18 09:20:58
./src/run.x
