 ! -------------------------------------------------------------
 ! Initializing
 ! Date: 23-apr-2026 10:41:10
 ! t=   0.0000000000000000     
&INIT_PARS
 CVSID="no cvsid is given in start.in or run.in!                                                                                                                                                                                                                        ",
 IP=14         ,
 XYZ0= 3*-2.0000000000000000      ,
 XYZ1= 3*3.9084999999999999E+037  ,
 LXYZ= 3*4.0000000000000000       ,
 LPERI= 3*T,
 LSHIFT_ORIGIN= 3*F,
 LSHIFT_ORIGIN_LOWER= 3*F,
 XYZ_UNITS= 3*"one                                     ",
 WAV1=  3.9084999999999999E+037,
 WAV1Z=  3.9084999999999999E+037,
 COORD_SYSTEM="cartesian",
 LPOLE= 3*F,
 NCOARSE=0          ,
 LFIX_UNIT_STD=F,
 LEQUIDIST= 3*T,
 COEFF_GRID= 3*1.0000000000000000       ,
 ZETA_GRID0=  0.0000000000000000     ,
 GRID_FUNC= 3*"linear                                  ",
 XYZ_STAR= 3*0.0000000000000000       ,
 LWRITE_IC=T,
 LWRITE_AVG1D_BINARY=F,
 LNOWRITE=F,
 LUNIFORM_Z_MESH_ASPECT_RATIO=F,
 UNIT_SYSTEM="cgs",
 UNIT_LENGTH=  3.9084999999999999E+037,
 LMODIFY=F,
 MODIFY_FILENAME="modify.dat                                                                                                                             ",
 DVID=  0.0000000000000000     ,
 LDIVU_PERP=F,
 SSMASK1=  0.0000000000000000     ,
 SSMASK2=  0.0000000000000000     ,
 UNIT_VELOCITY=  3.9084999999999999E+037,
 UNIT_DENSITY=  3.9084999999999999E+037,
 UNIT_TEMPERATURE=  3.9084999999999999E+037,
 UNIT_MAGNETIC=  3.9084999999999999E+037,
 C_LIGHT=  3.9084999999999999E+037,
 G_NEWTON=  3.9084999999999999E+037,
 HBAR=  3.9084999999999999E+037,
 RANDOM_GEN="min_std                                 ",
 SEED0=1812       ,
 LSEED_GLOBAL=T,
 LSEED_PROCDEPENDENT=F,
 NFILTER=0          ,
 LSERIAL_IO=F,
 DER2_TYPE="standard                                ",
 LREAD_OLDSNAP=F,
 LWRITE_VAR_ANYWAY=F,
 LWRITE_LAST_POWERSNAP=F,
 LREAD_OLDSNAP_NOMAG=F,
 LREAD_OLDSNAP_NOPSCALAR=F,
 LREAD_OLDSNAP_NOTESTFLOW=F,
 LREAD_OLDSNAP_NOISOTHMHD=F,
 LREAD_OLDSNAP_NOTESTFIELD=F,
 LREAD_OLDSNAP_NOTESTSCALAR=F,
 LREAD_OLDSNAP_NOSHEAR=F,
 LREAD_OLDSNAP_NOHYDRO=F,
 LREAD_OLDSNAP_NOHYDRO_NOMU5=F,
 LREAD_OLDSNAP_NOHYDRO_EFIELD=F,
 LREAD_OLDSNAP_NOHYDRO_EKFIELD=F,
 LREAD_OLDSNAP_ONLYA=F,
 LASTAROTH_OUTPUT=F,
 ASTAROTH_DEST="                                                                                                                                       ",
 IRESET_TSTART=2          ,
 TSTART=  0.0000000000000000     ,
 LGHOSTFOLD_USEBSPLINE=F,
 LREAD_AUX=F,
 LWRITE_AUX=T,
 LKINFLOW_AS_AUX=F,
 LENFORCE_MAUX_CHECK=T,
 LREPORT_UNDEFINED_DIAGNOSTICS=T,
 PRETEND_LNTT=F,
 LPROCZ_SLOWEST=T,
 LMORTON_CURVE=F,
 LTEST_BCS=F,
 LSUPPRESS_PARALLEL_REDUCTIONS=F,
 NPROCX_NODE=0          ,
 NPROCY_NODE=0          ,
 NPROCZ_NODE=0          ,
 LCOPYSNAPSHOTS_EXP=F,
 BCX=
 BCY=
 BCZ=
 R_INT=  0.0000000000000000     ,
 R_EXT=  3.9084999999999999E+037,
 R_REF=  1.0000000000000000     ,
 RSMOOTH=  0.0000000000000000     ,
 R_INT_BORDER=  3.9084999999999999E+037,
 R_EXT_BORDER=  3.9084999999999999E+037,
 MU0=  1.0000000000000000     ,
 FORCE_LOWER_BOUND="                                        ",
 FORCE_UPPER_BOUND="                                        ",
 LSEPARATE_PERSIST=F,
 LDISTRIBUTE_PERSIST=F,
 LPERSIST=T,
 LOMIT_ADD_DATA=F,
 FBCX1=
 FBCX2=
 FBCX1_2=
 FBCX2_2=
 FBCY1=
 FBCY2=
 FBCY1_1=
 FBCY1_2=
 FBCY2_1=
 FBCY2_2=
 FBCZ1=
 FBCZ2=
 FBCZ1_1=
 FBCZ1_2=
 FBCZ2_1=
 FBCZ2_2=
 FBCX_BOT=
 FBCX_TOP=
 FBCY_BOT=
 FBCY_TOP=
 FBCZ_BOT=
 FBCZ_TOP=
 BC_SLC_DIR="                                                                                                                                       ",
 VEL_SPEC=F,
 MAG_SPEC=F,
 UXY_SPEC=F,
 BXY_SPEC=F,
 JXBXY_SPEC=F,
 XY_SPEC="                                                                                                                                                                ",
 OO_SPEC=F,
 RELVEL_SPEC=F,
 UXJ_SPEC=F,
 VEC_SPEC=F,
 OU_SPEC=F,
 OUN_SPEC=F,
 AB_SPEC=F,
 AZBZ_SPEC=F,
 UZS_SPEC=F,
 UB_SPEC=F,
 BB2_SPEC=F,
 JJ2_SPEC=F,
 ELE_SPEC=F,
 A0_SPEC=F,
 POT_SPEC=F,
 LOR_SPEC=F,
 OMU_SPEC=F,
 EMF_SPEC=F,
 TRA_SPEC=F,
 GWS_SPEC=F,
 GWH_SPEC=F,
 GWM_SPEC=F,
 STR_SPEC=F,
 STG_SPEC=F,
 GAB_SPEC=F,
 GAN_SPEC=F,
 GBB_SPEC=F,
 GWS_SPEC_BOOST=F,
 GWH_SPEC_BOOST=F,
 SCL_SPEC=F,
 VCT_SPEC=F,
 TPQ_SPEC=F,
 TGW_SPEC=F,
 GWD_SPEC=F,
 GWE_SPEC=F,
 GWF_SPEC=F,
 GWG_SPEC=F,
 SCL_SPEC_BOOST=F,
 VCT_SPEC_BOOST=F,
 STT_SPEC=F,
 STX_SPEC=F,
 VEL_PHISPEC=F,
 MAG_PHISPEC=F,
 UXJ_PHISPEC=F,
 VEC_PHISPEC=F,
 OU_PHISPEC=F,
 AB_PHISPEC=F,
 EP_SPEC=F,
 HEP_SPEC=F,
 RO_SPEC=F,
 GPH_SPEC=F,
 ND_SPEC=F,
 UD_SPEC=F,
 UX_SPEC=F,
 UY_SPEC=F,
 UZ_SPEC=F,
 UCP_SPEC=F,
 TT_SPEC=F,
 SS_SPEC=F,
 CC_SPEC=F,
 CR_SPEC=F,
 MU_SPEC=F,
 SP_SPEC=F,
 SSP_SPEC=F,
 SSSP_SPEC=F,
 ISAVEGLOBAL=0          ,
 LR_SPEC=F,
 R2U_SPEC=F,
 NP_SPEC=F,
 NP_AP_SPEC=F,
 RHOP_SPEC=F,
 FI_MIXFRAC_PDF2D=F,
 R3U_SPEC=F,
 RHOCC_PDF=F,
 CC_PDF=F,
 LNCC_PDF=F,
 GCC_PDF=F,
 LNGCC_PDF=F,
 COSEB_PDF=F,
 XYZ_STEP= 6*1.0000000000000000       ,
 XI_STEP_FRAC= 6*1.0000000000000000       ,
 XI_STEP_WIDTH= 6*1.5000000000000000       ,
 DXI_FACT= 3*1.0000000000000000       ,
 TRANS_WIDTH= 3*1.0000000000000000       ,
 TRANS_DELTA= 3*1.0000000000000000       ,
 LCYLINDER_IN_A_BOX=F,
 LSPHERE_IN_A_BOX=F,
 LLOCAL_ISO=F,
 INIT_LOOPS=1          ,
 LWRITE_2D=F,
 LCYLINDRICAL_GRAVITY=F,
 BORDER_FRAC_X= 2*0.0000000000000000       ,
 BORDER_FRAC_Y= 2*0.0000000000000000       ,
 BORDER_FRAC_Z= 2*0.0000000000000000       ,
 LBORDER_HYPER_DIFF=T,
 BORDER_FRAC_R= 2*0.0000000000000000       ,
 LUSE_LATITUDE=F,
 LSHIFT_DATACUBE_X=F,
 LFARGO_ADVECTION=F,
 YEQUATOR=  0.0000000000000000     ,
 LEQUATORY=F,
 LEQUATORZ=F,
 ZEQUATOR=  0.0000000000000000     ,
 LAV_SMALLX=F,
 XAV_MAX=  3.9084999999999999E+037,
 NITER_POISSON=0          ,
 LFORCE_SHEAR_BC=T,
 LREAD_FROM_OTHER_PREC=F,
 PIPE_FUNC="error_function                          ",
 GLNCROSSSEC0=  0.0000000000000000     ,
 CROSSSEC_X1= -1.0000000000000000     ,
 CROSSSEC_X2=  1.0000000000000000     ,
 CROSSSEC_W= 0.10000000000000001     ,
 LCOROTATIONAL_FRAME=F,
 RCOROT=  1.0000000000000000     ,
 LPROPER_AVERAGES=F,
 LDIRECT_ACCESS=F,
 LTOLERATE_NAMELIST_ERRORS=F,
 LYINYANG=F,
 CYINYANG_INTPOL_TYPE="bilinear                                ",
 YY_BIQUAD_WEIGHTS= 4*3.9084999999999999E+037  ,
 LCUTOFF_CORNERS=F,
 NYCUT=10         ,
 NZCUT=7          ,
 REL_DANG=  0.0000000000000000     ,
 LCUBED_SPHERE=F,
 ALLPROC_PRINT=T,
 SIGMASB_SET=  1.0000000000000000     ,
 C_LIGHT_SET=  1.0000000000000000     ,
 CP_SET=  1.0000000000000000     ,
 K_B_SET=  1.0000000000000000     ,
 M_U_SET=  1.0000000000000000     ,
 LNOGHOST_STRATI=F,
 ICHANNEL1=1          ,
 ICHANNEL2=1          ,
 TAG_FOREIGN=0          ,
 LPOINT=5          ,
 MPOINT=5          ,
 NPOINT=4          ,
 LPOINT2=2          ,
 MPOINT2=2          ,
 NPOINT2=2          ,
 LFATAL_NUM_VECTOR_369=T,
 DENSITY_SCALE_FACTOR=  3.9084999999999999E+037,
 LSMOOTH_FARRAY=F,
 FARRAY_SMOOTH_WIDTH=6          ,
 RADIUS_DIAG=  1.0000000000000000     ,
 OFFSET_MIN_CALC=  0.0000000000000000     ,
 LREAD_OLDSNAP_NOCOOLPROF=F,
 LSWAP_INIT_LNRHO_UU=F,
 THETAMIN=  0.0000000000000000     ,
 LSYMMGRID= 3*T,
 /
&SHEAR_INIT_PARS
 QSHEAR=  1.5000000000000000     ,
 QSHEAR0=  0.0000000000000000     ,
 SSHEAR=  0.0000000000000000     ,
 SSHEAR1=  0.0000000000000000     ,
 DELTAY=  0.0000000000000000     ,
 OMEGA=  0.0000000000000000     ,
 U0_ADVEC= 3*0.0000000000000000       ,
 LSHEARADVECTION_AS_SHIFT=F,
 SHEAR_METHOD="fft    ",
 LRANDOMX0=F,
 X0_SHEAR=  0.0000000000000000     ,
 NORDER_POLY=3          ,
 LTVD_ADVECTION=F,
 LPOSDEF_ADVECTION=F,
 LPOSDEF=
 LMAGNETIC_STRETCHING=T,
 SINI=  0.0000000000000000     ,
 /
&POINTMASSES_INIT_PARS
 INITXXQ="eccentric                               ",
 INITVVQ="eccentric                               ",
 XQ0= 2*0.0000000000000000       ,
 YQ0= 2*0.0000000000000000       ,
 ZQ0= 2*0.0000000000000000       ,
 VXQ0= 2*0.0000000000000000       ,
 VYQ0= 2*0.0000000000000000       ,
 VZQ0= 2*0.0000000000000000       ,
 PMASS= 2*0.50000000000000000      ,
 R_SMOOTH= 2*3.9084999999999999E+037  ,
 LCYLINDRICAL_GRAVITY_NBODY= 2*F,
 LEXCLUDE_FROZEN=F,
 GNEWTON=  1.0000000000000000     ,
 BCQX="out    ",
 BCQY="out    ",
 BCQZ="out    ",
 RAMP_ORBITS=5          ,
 LRAMP=F,
 FINAL_RAMPED_MASS= 2*0.0000000000000000       ,
 LACCRETION= 2*F,
 ACCRETE_HILLS_FRAC= 2*0.20000000000000001      ,
 IPRIMARY=1          ,
 LDT_POINTMASSES=T,
 CDTQ= 0.10000000000000001     ,
 LRETROGRADE=F,
 ECCENTRICITY=  0.0000000000000000     ,
 SEMIMAJOR_AXIS=  1.0000000000000000     ,
 IPOTENTIAL_POINTMASS= 2*"newton                                  ",
 DENSITY_SCALE=  1.0000000000000000E-003,
 LGAS_GRAVITY=T,
 LDUST_GRAVITY=F,
 LCORRECT_GASGRAVITY_LSTART=F,
 FRAC_SMOOTH= 2*0.40000000000000002      ,
 /
 ! -------------------------------------------------------------
 ! Running
 ! Date: 23-apr-2026 10:41:12
 ! t=   0.0000000000000000     
&RUN_PARS
 CVSID='no cvsid is given in start.in or run.in!                                                                                                                                                                                                                        ',
 IP=14         ,
 XYZ0= 3*-2.0000000000000000      ,
 XYZ1= 3*2.0000000000000000       ,
 LXYZ= 3*4.0000000000000000       ,
 LPERI= 3*T,
 LPOLE= 3*F,
 NCOARSE=1          ,
 LSHIFT_ORIGIN= 3*F,
 LSHIFT_ORIGIN_LOWER= 3*F,
 COORD_SYSTEM='cartesian',
 LCONCURRENT=T,
 NT=100000     ,
 IT1=10         ,
 IT1START=0          ,
 IT1D=10         ,
 ITSPEC=21474836   ,
 ITSNAP=21474836   ,
 IT_RMV=0          ,
 DT=  1.0000000000000000E-002,
 DT0=  0.0000000000000000     ,
 DT_EPSI=  9.9999999999999995E-008,
 DT_RATIO=  1.0000000000000001E-005,
 CDT= 0.50000000000000000     ,
 DDT=  0.0000000000000000     ,
 DT_INCR=  0.0000000000000000     ,
 LFRACTIONAL_TSTEP_ADVANCE=F,
 LFRACTIONAL_TSTEP_NEGATIVE=T,
 LEPS_FIXED=T,
 CDTV= 0.50000000000000000     ,
 CDTV2=  2.9999999999999999E-002,
 CDTV3=  1.0000000000000000E-002,
 CDTSRC=  1.0000000000000000     ,
 CDTS=  1.0000000000000000     ,
 CDTR=  1.0000000000000000     ,
 CDTF= 0.90000000000000002     ,
 CDTC=  1.0000000000000000     ,
 ISAVE=5000       ,
 ITORDER=3          ,
 DSNAP=  6.2800000000000002     ,
 DSNAP_DOWN=  0.0000000000000000     ,
 MVAR_DOWN=-1         ,
 MAUX_DOWN=-1         ,
 D1DAVG=  3.9084999999999999E+037,
 D2DAVG=  100.00000000000000     ,
 DVID= 0.10000000000000001     ,
 DSOUND=  0.0000000000000000     ,
 DTMIN=  1.0000000000000000E-002,
 DSPEC=  3.9084999999999999E+037,
 TMAX=  62.799999999999997     ,
 TOUTOFF=  0.0000000000000000     ,
 TRIGGER_SNAP='code_time                               ',
 TRIGGER_VID='code_time                               ',
 LIT1_LOGSPACING=F,
 TMAX_LOGSPACING=  1.0000000000000000     ,
 IWIG=0          ,
 LDIVU_PERP=F,
 ALLPROC_PRINT=T,
 SSMASK1=  0.0000000000000000     ,
 SSMASK2=  0.0000000000000000     ,
 DTRACERS=  0.0000000000000000     ,
 DFIXED_POINTS=  0.0000000000000000     ,
 UNIT_SYSTEM='cgs',
 UNIT_LENGTH=  1.0000000000000000     ,
 UNIT_VELOCITY=  1.0000000000000000     ,
 UNIT_DENSITY=  1.0000000000000000     ,
 UNIT_TEMPERATURE=  3.9084999999999999E+037,
 UNIT_MAGNETIC=  3.5449077018110318     ,
 AWIG=  1.0000000000000000     ,
 IALIVE=0          ,
 MAX_WALLTIME=  171600.00000000000     ,
 DTMAX=  9.9999999999999995E+036,
 LDT_PARONLY=F,
 LSPEC_START=F,
 LSPEC_AT_TPLUSDT=F,
 VEL_SPEC=F,
 MAG_SPEC=F,
 UXY_SPEC=F,
 BXY_SPEC=F,
 JXBXY_SPEC=F,
 XY_SPEC='                                                                                                                                                                ',
 OO_SPEC=F,
 RELVEL_SPEC=F,
 UXJ_SPEC=F,
 VEC_SPEC=F,
 OU_SPEC=F,
 OUN_SPEC=F,
 AB_SPEC=F,
 AZBZ_SPEC=F,
 UZS_SPEC=F,
 UB_SPEC=F,
 BB2_SPEC=F,
 JJ2_SPEC=F,
 ELE_SPEC=F,
 A0_SPEC=F,
 POT_SPEC=F,
 LOR_SPEC=F,
 OMU_SPEC=F,
 EMF_SPEC=F,
 TRA_SPEC=F,
 GWS_SPEC=F,
 GWH_SPEC=F,
 GWM_SPEC=F,
 STR_SPEC=F,
 STG_SPEC=F,
 GAB_SPEC=F,
 GAN_SPEC=F,
 GBB_SPEC=F,
 GWS_SPEC_BOOST=F,
 GWH_SPEC_BOOST=F,
 SCL_SPEC=F,
 VCT_SPEC=F,
 TPQ_SPEC=F,
 TGW_SPEC=F,
 GWD_SPEC=F,
 GWE_SPEC=F,
 GWF_SPEC=F,
 GWG_SPEC=F,
 SCL_SPEC_BOOST=F,
 VCT_SPEC_BOOST=F,
 STT_SPEC=F,
 STX_SPEC=F,
 VEL_PHISPEC=F,
 MAG_PHISPEC=F,
 UXJ_PHISPEC=F,
 VEC_PHISPEC=F,
 OU_PHISPEC=F,
 AB_PHISPEC=F,
 EP_SPEC=F,
 HEP_SPEC=F,
 RO_SPEC=F,
 GPH_SPEC=F,
 ABS_U_SPEC=F,
 ND_SPEC=F,
 UD_SPEC=F,
 UX_SPEC=F,
 UY_SPEC=F,
 UZ_SPEC=F,
 UCP_SPEC=F,
 TT_SPEC=F,
 SS_SPEC=F,
 CC_SPEC=F,
 CR_SPEC=F,
 MU_SPEC=F,
 SP_SPEC=F,
 SSP_SPEC=F,
 SSSP_SPEC=F,
 ISAVEGLOBAL=0          ,
 LR_SPEC=F,
 R2U_SPEC=F,
 NP_SPEC=F,
 NP_AP_SPEC=F,
 RHOP_SPEC=F,
 FI_MIXFRAC_PDF2D=F,
 R3U_SPEC=F,
 RHOCC_PDF=F,
 CC_PDF=F,
 LNCC_PDF=F,
 GCC_PDF=F,
 LNGCC_PDF=F,
 COSEB_PDF=F,
 LNSPECIAL_PDF=F,
 SPECIAL_PDF=F,
 LNRHO_PDF=F,
 PDFS='                                                                                                                                                                ',
 CROSS_SPEC='                                                                                                                                                                ',
 ANG_JB_PDF1D=F,
 ANG_UB_PDF1D=F,
 ANG_OU_PDF1D=F,
 KINFLOW='                                        ',
 LADV_DER_AS_AUX=F,
 LKINFLOW_AS_AUX=F,
 AMPL_KINFLOW_X=  0.0000000000000000     ,
 AMPL_KINFLOW_Y=  0.0000000000000000     ,
 AMPL_KINFLOW_Z=  0.0000000000000000     ,
 KX_KINFLOW=  1.0000000000000000     ,
 KY_KINFLOW=  1.0000000000000000     ,
 KZ_KINFLOW=  1.0000000000000000     ,
 DTPHASE_KINFLOW=  0.0000000000000000     ,
 RANDOM_GEN='min_std                                 ',
 DER2_TYPE='standard                                ',
 LRMWIG_RHO=F,
 LRMWIG_FULL=F,
 LRMWIG_XYAVERAGE=F,
 LNOWRITE=F,
 NOGHOST_FOR_ISAVE=F,
 NGHOST_READ_FEWER=0          ,
 TEST_NONBLOCKING=F,
 LWRITE_TRACERS=F,
 LWRITE_FSUM=F,
 LWRITE_FIXED_POINTS=F,
 LWRITE_TS_HDF5=T,
 LREAD_OLDSNAP_LNRHO2RHO=F,
 LREAD_OLDSNAP_NOMAG=F,
 LREAD_OLDSNAP_NOTESTFLOW=F,
 LREAD_OLDSNAP_NOPSCALAR=F,
 LREAD_OLDSNAP_NOTESTFIELD=F,
 LREAD_OLDSNAP_NOTESTSCALAR=F,
 LREAD_OLDSNAP_NOSHEAR=F,
 LREPAIR_SNAP=F,
 LINTERPOL_ON_REPAIR=F,
 LREAD_OLDSNAP_NOHYDRO=F,
 LREAD_OLDSNAP_NOHYDRO_EFIELD=F,
 LREAD_OLDSNAP_NOHYDRO_EKFIELD=F,
 LREAD_OLDSNAP_NOISOTHMHD=F,
 LREAD_OLDSNAP_ONLYA=F,
 LASTAROTH_OUTPUT=F,
 ASTAROTH_DEST='                                                                                                                                       ',
 LBACKUP_SNAP=F,
 LREAD_OLDSNAP_RHO2LNRHO=F,
 LREAD_OLDSNAP_NOSINK=F,
 LWRITE_DIM_AGAIN=T,
 LWRITE_LAST_POWERSNAP=F,
 LREAD_AUX=F,
 COMMENT_CHAR='#',
 IX=5          ,
 IY=5          ,
 IY2=-1         ,
 IZ=4          ,
 IZ2=4          ,
 IZ3=-1         ,
 IZ4=-1         ,
 SLICE_POSITION='m',
 XBOT_SLICE=  0.0000000000000000     ,
 XTOP_SLICE=  1.0000000000000000     ,
 YBOT_SLICE=  0.0000000000000000     ,
 YTOP_SLICE=  1.0000000000000000     ,
 ZBOT_SLICE=  0.0000000000000000     ,
 ZTOP_SLICE=  1.0000000000000000     ,
 R_RSLICE=  0.0000000000000000     ,
 NTH_RSLICE=0          ,
 NPH_RSLICE=1          ,
 BCX=
 BCY=
 BCZ=
 R_INT=  0.0000000000000000     ,
 R_EXT=  2.0000000000000000     ,
 R_INT_BORDER=  3.9084999999999999E+037,
 R_EXT_BORDER=  3.9084999999999999E+037,
 LFREEZE_VARSQUARE=
 LFREEZE_VARINT=
 LFREEZE_VAREXT=
 XFREEZE_SQUARE=  3.9084999999999999E+037,
 YFREEZE_SQUARE=  3.9084999999999999E+037,
 RFREEZE_INT= -3.9084999999999999E+037,
 RFREEZE_EXT=  2.0000000000000000     ,
 WFREEZE=  0.0000000000000000     ,
 WFREEZE_INT=  0.0000000000000000     ,
 WFREEZE_EXT=  0.0000000000000000     ,
 WBORDER=  0.0000000000000000     ,
 WBORDER_INT=  0.0000000000000000     ,
 WBORDER_EXT=  0.0000000000000000     ,
 TBORDER=  0.0000000000000000     ,
 LUSE_OLDGRID=T,
 LUSE_XYZ1=F,
 FSHIFT_INT= -1.0000000000000000     ,
 FSHIFT_EXT=  1.0000000000000000     ,
 LPERSIST=T,
 IRESET_TSTART=2          ,
 TSTART=  0.0000000000000000     ,
 LSEPARATE_PERSIST=F,
 LDISTRIBUTE_PERSIST=F,
 LOMIT_ADD_DATA=F,
 FBCX1=
 FBCX2=
 FBCX1_2=
 FBCX2_2=
 FBCY1=
 FBCY2=
 FBCY1_1=
 FBCY1_2=
 FBCY2_1=
 FBCY2_2=
 FBCZ1=
 FBCZ2=
 FBCZ1_1=
 FBCZ1_2=
 FBCZ2_1=
 FBCZ2_2=
 FBCX_BOT=
 FBCX_TOP=
 FBCY_BOT=
 FBCY_TOP=
 FBCZ_BOT=
 FBCZ_TOP=
 UDRIFT_BC=  0.0000000000000000     ,
 TTRANSIENT=  0.0000000000000000     ,
 TAVG=  0.0000000000000000     ,
 IDX_TAVG=0          ,
 LSERIAL_IO=F,
 NR_DIRECTIONS=1          ,
 LSFU=F,
 LSFB=F,
 LSFZ1=F,
 LSFZ2=F,
 LSFFLUX=F,
 LPDFU=F,
 LPDFB=F,
 LPDFZ1=F,
 LPDFZ2=F,
 ONEDALL=F,
 LREPORT_UNDEFINED_DIAGNOSTICS=T,
 PRETEND_LNTT=F,
 OLD_CDTV=F,
 LMAXADVEC_SUM=F,
 SAVE_LASTSNAP=T,
 LWRITE_AUX=T,
 LWRITE_DVAR=F,
 FORCE_LOWER_BOUND='                                        ',
 FORCE_UPPER_BOUND='                                        ',
 LENFORCE_MAUX_CHECK=T,
 NV1_CAPITALVAR=1          ,
 MSKIPVAR=0          ,
 LREAD_OLDSNAP_MSKIPVAR=F,
 ONED=F,
 TWOD=F,
 LPOINT=5          ,
 MPOINT=5          ,
 NPOINT=4          ,
 LPOINT2=4          ,
 MPOINT2=4          ,
 NPOINT2=4          ,
 IPROC_PT=0          ,
 IPROC_P2=0          ,
 BORDER_FRAC_X= 2*0.0000000000000000       ,
 BORDER_FRAC_Y= 2*0.0000000000000000       ,
 BORDER_FRAC_Z= 2*0.0000000000000000       ,
 BORDER_FRAC_R= 2*0.0000000000000000       ,
 LBORDER_HYPER_DIFF=T,
 LCYLINDER_IN_A_BOX=F,
 LSPHERE_IN_A_BOX=F,
 IPENCIL_SWAP=0          ,
 LPENCIL_REQUESTED_SWAP=T,
 LPENCIL_DIAGNOS_SWAP=F,
 LPENCIL_CHECK=T,
 LPENCIL_CHECK_SMALL=T,
 LPENCIL_CHECK_NO_ZEROS=T,
 LPENCIL_CHECK_DIAGNOS_OPTI=F,
 LPENCIL_INIT=F,
 PENC0=  2.3456779999999999     ,
 LWRITE_2D=F,
 LBIDIAGONAL_DERIJ=T,
 LISOTROPIC_ADVECTION=F,
 CRASH_FILE_DTMIN_FACTOR= -1.0000000000000000     ,
 LTESTPERTURB=F,
 EPS_RKF=  1.0000000000000001E-005,
 EPS_RKF0=  0.0000000000000000     ,
 DTINC= 0.50000000000000000     ,
 DTDEC= 0.50000000000000000     ,
 LSHOCK_HEAT=T,
 EPS_STIFF=  9.9999999999999995E-007,
 TIMESTEP_SCALING=
 LEQUATORY=F,
 LEQUATORZ=F,
 ZEQUATOR=  0.0000000000000000     ,
 LINI_T_EQ_ZERO=F,
 LINI_T_EQ_ZERO_ONCE=F,
 LAV_SMALLX=F,
 XAV_MAX=  3.9084999999999999E+037,
 LDT_PARONLY=F,
 LWENO_TRANSPORT=F,
 IT_TIMING=0          ,
 LTIMING_IO=F,
 HAR_SPEC=F,
 HAV_SPEC=F,
 J_SPEC=F,
 JB_SPEC=F,
 JA_SPEC=F,
 B2_SPEC=F,
 LREAD_LESS=F,
 LREAD_NOGRID=F,
 LFORMAT=F,
 LTEC=F,
 LREAD_GLOBAL=T,
 LLSODE=F,
 LSPLIT_SECOND=F,
 NU_STS= 0.10000000000000001     ,
 PERMUTE_STS=0          ,
 LFARGO_ADVECTION=F,
 LDYNAMICAL_DIFFUSION=F,
 LDYNDIFF_USEUMAX=T,
 RE_MESH= 0.50000000000000000     ,
 LGHOSTFOLD_USEBSPLINE=F,
 LRESET_SEED=F,
 LOUTPUT_VARN_AT_EXACT_TSNAP=T,
 LSTOP_ON_IOERROR=T,
 MAILADDRESS='                                                                                                                                                                                                                                                                ',
 MAILCMD='mail                                                                                                                                                                                                                                                            ',
 SUBMITHOST='                                                                                                                                                                                                                                                                ',
 THETA_LOWER_BORDER=  3.9084999999999999E+037,
 WBORDER_THETA_LOWER=  0.0000000000000000     ,
 THETA_UPPER_BORDER=  3.9084999999999999E+037,
 WBORDER_THETA_UPPER=  0.0000000000000000     ,
 FRACTION_TBORDER=  1.0000000000000000     ,
 LMERIDIONAL_BORDER_DRIVE=F,
 LREAD_FROM_OTHER_PREC=F,
 DOWNSAMPL= 3*1          ,
 LFULLVAR_IN_SLICES=F,
 IVAR_OMIT= 2*0          ,
 LREAD_SCL_FACTOR_FILE_NEW=F,
 LPHASE=F,
 LSUBSTRACT_REFERENCE_STATE=F,
 LZAVER_ON_INPUT=F,
 LDIRECT_ACCESS=F,
 LPROPER_AVERAGES=F,
 LMAXIMAL_CDT=F,
 LMAXIMAL_CDTV=F,
 LREITERATE=T,
 PIPE_FUNC='error_function                          ',
 GLNCROSSSEC0=  0.0000000000000000     ,
 CROSSSEC_X1= -1.0000000000000000     ,
 CROSSSEC_X2=  1.0000000000000000     ,
 CROSSSEC_W= 0.10000000000000001     ,
 CYINYANG_INTPOL_TYPE='bilinear                                ',
 YY_BIQUAD_WEIGHTS= 4*3.9084999999999999E+037  ,
 LCUTOFF_CORNERS=F,
 NYCUT=10         ,
 NZCUT=7          ,
 REL_DANG=  0.0000000000000000     ,
 LIGNORE_NONEQUI=F,
 TAG_FOREIGN=0          ,
 LFOREIGN_COMM_NBLCKG=F,
 TAU_AVER1=  1.0000000000000000     ,
 FMT_AVGS='e14.5e3                       ',
 OU_OMEGA=F,
 OU_KZSPEC=F,
 AB_KZSPEC=F,
 COR_UU=F,
 OU_POLAR=F,
 AB_POLAR=F,
 JB_POLAR=F,
 UUT_SPEC=F,
 UUT_POLAR=F,
 OUOUT_SPEC=F,
 OUOUT2_SPEC=F,
 OUOUT_POLAR=F,
 OUT_SPEC=F,
 UOT_SPEC=F,
 SAFFMAN_UB=F,
 SAFFMAN_MAG=F,
 SAFFMAN_MAG_UC=F,
 SAFFMAN_MAG_C=F,
 SAFFMAN_AA=F,
 SAFFMAN_AA_C=F,
 SAFFMAN_BB=F,
 SAFFMAN_EEM=F,
 SAFFMAN_EEM_UC=F,
 UU_FFT3D=F,
 OO_FFT3D=F,
 BB_FFT3D=F,
 JJ_FFT3D=F,
 UU_XKYZ=F,
 OO_XKYZ=F,
 BB_XKYZ=F,
 JJ_XKYZ=F,
 UU_KX0Z=F,
 OO_KX0Z=F,
 BB_KX0Z=F,
 JJ_KX0Z=F,
 BB_K00Z=F,
 EE_K00Z=F,
 GWT_FFT3D=F,
 EM_SPECFLUX=F,
 HM_SPECFLUX=F,
 HC_SPECFLUX=F,
 DENSITY_SCALE_FACTOR=  3.9084999999999999E+037,
 RADIUS_DIAG=  1.0000000000000000     ,
 OFFSET_MIN_CALC=  0.0000000000000000     ,
 LMORTON_CURVE=F,
 LSUPPRESS_PARALLEL_REDUCTIONS=F,
 SHARED_MEM_NAME='                                        ',
 LUPDATE_CVS=F,
 LREAD_OLDSNAP_NOCOOLPROF=F,
 THETAMIN=  0.0000000000000000     ,
 /
&SHEAR_RUN_PARS
 QSHEAR=  1.5000000000000000     ,
 QSHEAR0=  0.0000000000000000     ,
 SSHEAR= -0.0000000000000000     ,
 SSHEAR1= -0.0000000000000000     ,
 DELTAY=  0.0000000000000000     ,
 OMEGA=  0.0000000000000000     ,
 LSHEAR_ACCELERATION=T,
 LSHEARADVECTION_AS_SHIFT=F,
 SHEAR_METHOD='fft    ',
 LRANDOMX0=F,
 X0_SHEAR=  0.0000000000000000     ,
 NORDER_POLY=3          ,
 LTVD_ADVECTION=F,
 LPOSDEF_ADVECTION=F,
 LPOSDEF=
 LMAGNETIC_STRETCHING=T,
 SINI=  0.0000000000000000     ,
 LHYPER3X_MESH=F,
 DIFF_HYPER3X_MESH=  2.9999999999999999E-002,
 /
&POINTMASSES_RUN_PARS
 LRESET_CM=F,
 LNOGRAVZ_STAR=F,
 LFOLLOW_PARTICLE= 2*T,
 LLIVE_SECONDARY=F,
 LEXCLUDE_FROZEN=F,
 GNEWTON=  1.0000000000000000     ,
 BCQX='out    ',
 BCQY='out    ',
 BCQZ='out    ',
 LACCRETION= 2*F,
 ACCRETE_HILLS_FRAC= 2*0.20000000000000001      ,
 IPRIMARY=1          ,
 LDT_POINTMASSES=T,
 CDTQ= 0.10000000000000001     ,
 HILLS_TEMPERING_FRACTION= 0.80000000000000004     ,
 IPOTENTIAL_POINTMASS= 2*'newton                                  ',
 DENSITY_SCALE=  1.0000000000000000E-003,
 LGAS_GRAVITY=T,
 LDUST_GRAVITY=F,
 LADD_DRAGFORCE=F,
 UGAS=  0.0000000000000000     ,
 STOKESNUMBER= 2*1.0000000000000000       ,
 LQUADRATIC_DRAG=F,
 LLINEAR_DRAG=T,
 LCORIOLIS_FORCE=F,
 OMEGA_CORIOLIS=  0.0000000000000000     ,
 FRAC_SMOOTH= 2*0.40000000000000002      ,
 LEXCLUDE_HILLS=F,
 TAU_ACCRETION=  1.0000000000000000     ,
 LGAS_REMOVAL=F,
 LMOMENTUM_REMOVAL=F,
 LNOSELFGRAV_PRIMARY=T,
 /
&IO_PARS
 LCOLLECTIVE_IO=F,
 IO_STRATEGY='dist                                    ',
 /
